g:\vstudio\visual\projects\zappy_client2\zappy_client2\release\vc141.pdb
g:\vstudio\visual\projects\zappy_client2\zappy_client2\release\.netframework,version=v4.6.1.assemblyattributes.obj
g:\vstudio\visual\projects\zappy_client2\zappy_client2\release\.netframework,version=v4.6.1.assemblyattributes.asm
g:\vstudio\visual\projects\zappy_client2\release\zappy_client2.exe
g:\vstudio\visual\projects\zappy_client2\release\zappy_client2.pdb
g:\vstudio\visual\projects\zappy_client2\zappy_client2\release\zappy_client2.myform.resources
g:\vstudio\visual\projects\zappy_client2\zappy_client2\release\zappy_client2.myform2.resources
g:\vstudio\visual\projects\zappy_client2\zappy_client2\release\zappy_client2.vcxproj.generateresource.cache
g:\vstudio\visual\projects\zappy_client2\zappy_client2\release\zappy_client2.vcxprojresolveassemblyreference.cache
g:\vstudio\visual\projects\zappy_client2\zappy_client2\release\myform.obj
g:\vstudio\visual\projects\zappy_client2\zappy_client2\release\myform2.obj
g:\vstudio\visual\projects\zappy_client2\zappy_client2\release\zappy_client2.tlog\cl.command.1.tlog
g:\vstudio\visual\projects\zappy_client2\zappy_client2\release\zappy_client2.tlog\cl.read.1.tlog
g:\vstudio\visual\projects\zappy_client2\zappy_client2\release\zappy_client2.tlog\cl.write.1.tlog
g:\vstudio\visual\projects\zappy_client2\zappy_client2\release\zappy_client2.tlog\link.command.1.tlog
g:\vstudio\visual\projects\zappy_client2\zappy_client2\release\zappy_client2.tlog\link.read.1.tlog
g:\vstudio\visual\projects\zappy_client2\zappy_client2\release\zappy_client2.tlog\link.write.1.tlog
g:\vstudio\visual\projects\zappy_client2\zappy_client2\release\zappy_client2.tlog\metagen.read.1.tlog
g:\vstudio\visual\projects\zappy_client2\zappy_client2\release\zappy_client2.tlog\metagen.write.1.tlog
g:\vstudio\visual\projects\zappy_client2\zappy_client2\release\zappy_client2.tlog\zappy_client2.write.1u.tlog
g:\vstudio\visual\projects\zappy_client2\zappy_client2\release\zappy_client2.tlog\rsaenh.dll.bi
g:\vstudio\visual\projects\zappy_client2\zappy_client2\release\zappy_client2.tlog\tzres.dll.bi
